2025-01-16 15:46:10,193 DEBUG:非常勤の先生: {'阿部', '義永', '上', '河田', '古川', '鈴木', '羽渕', '徳永', '清田', '吉見', '佐賀', '石丸', '山田哲', '新枝', '佐古', '山本伸'}
2025-01-16 15:46:10,194 INFO:非常勤の先生リスト: {'阿部', '義永', '上', '河田', '古川', '鈴木', '羽渕', '徳永', '清田', '吉見', '佐賀', '石丸', '山田哲', '新枝', '佐古', '山本伸'}
2025-01-16 15:46:10,194 DEBUG:非常勤の先生が担当する授業数: 13
2025-01-16 15:46:10,194 INFO:非常勤の先生が担当する授業数: 13
2025-01-16 15:46:10,194 INFO:非常勤授業: 工学実験II - 教員: ['石田', '張間', '三浦', '藤本', '鈴木', '櫻本', '西村', '古田', '飛車', '池田光', '片山']
2025-01-16 15:46:10,194 INFO:非常勤授業: 総合英語演習I - 教員: ['新枝']
2025-01-16 15:46:10,194 INFO:非常勤授業: 微分積分学I - 教員: ['河田']
2025-01-16 15:46:10,194 INFO:非常勤授業: 4年言語△ - 教員: ['新枝', '高槻', '徳永', '谷本']
2025-01-16 15:46:10,194 INFO:非常勤授業: 総合英語演習I - 教員: ['新枝']
2025-01-16 15:46:10,194 INFO:非常勤授業: 創造演習 - 教員: ['西川', '石丸', '江本', '河野', '海田', '段下', '山根']
2025-01-16 15:46:10,194 INFO:非常勤授業: データベース - 教員: ['義永']
2025-01-16 15:46:10,194 INFO:非常勤授業: 測量学Ⅲ - 教員: ['上']
2025-01-16 15:46:10,194 INFO:非常勤授業: 測量学特論 - 教員: ['佐賀']
2025-01-16 15:46:10,194 INFO:非常勤授業: 5年言語△ - 教員: ['徳永', '奥山', '新枝', '上田真']
2025-01-16 15:46:10,194 INFO:非常勤授業: 創造演習 - 教員: ['西川', '石丸', '江本', '河野', '海田', '段下', '山根', '石丸']
2025-01-16 15:46:10,194 INFO:非常勤授業: 建築設備△ - 教員: ['清田', '河野']
2025-01-16 15:46:10,195 INFO:非常勤授業: 心理学△ - 教員: ['羽渕']
2025-01-16 15:46:10,195 INFO:常勤の先生が担当する授業数: 84
2025-01-17 02:02:53,107 WARNING:授業 '総合英語演習I' はすでに1週間のスケジュールに割り当てられています。
2025-01-17 02:02:53,110 WARNING:授業 '創造演習' はすでに1週間のスケジュールに割り当てられています。
2025-01-17 02:02:53,110 WARNING:授業 '応用物理' はすでに1週間のスケジュールに割り当てられています。
2025-01-17 02:02:53,110 WARNING:授業 '微分積分学I' はすでに1週間のスケジュールに割り当てられています。
2025-01-17 02:02:53,110 WARNING:授業 '応用物理' はすでに1週間のスケジュールに割り当てられています。
2025-01-17 02:02:53,110 WARNING:授業 '微分積分学I' はすでに1週間のスケジュールに割り当てられています。
2025-01-17 02:02:53,110 WARNING:授業 '英会話' はすでに1週間のスケジュールに割り当てられています。
2025-01-17 02:02:53,110 WARNING:授業 '総合英語演習I' はすでに1週間のスケジュールに割り当てられています。
2025-01-17 02:02:53,110 WARNING:授業 'ベクトル解析' はすでに1週間のスケジュールに割り当てられています。
2025-01-17 02:02:53,111 WARNING:授業 '電磁気学' はすでに1週間のスケジュールに割り当てられています。
2025-01-17 02:02:53,111 WARNING:授業 '卒業研究' はすでに1週間のスケジュールに割り当てられています。
2025-01-17 02:02:53,111 WARNING:授業 '総合英語演習II' はすでに1週間のスケジュールに割り当てられています。
2025-01-17 02:02:53,111 WARNING:授業 '卒業研究' はすでに1週間のスケジュールに割り当てられています。
2025-01-17 02:02:53,111 WARNING:授業 '総合英語演習II' はすでに1週間のスケジュールに割り当てられています。
2025-01-17 02:02:53,111 WARNING:授業 '創造演習' はすでに1週間のスケジュールに割り当てられています。
2025-01-17 02:02:53,111 WARNING:授業 '工学実験II' はすでに1週間のスケジュールに割り当てられています。
2025-01-17 02:03:10,050 WARNING:授業 '総合英語演習I' はすでに1週間のスケジュールに割り当てられています。
2025-01-17 02:03:10,051 WARNING:授業 '創造演習' はすでに1週間のスケジュールに割り当てられています。
2025-01-17 02:03:10,051 WARNING:授業 '応用物理' はすでに1週間のスケジュールに割り当てられています。
2025-01-17 02:03:10,051 WARNING:授業 '微分積分学I' はすでに1週間のスケジュールに割り当てられています。
2025-01-17 02:03:10,051 WARNING:授業 '応用物理' はすでに1週間のスケジュールに割り当てられています。
2025-01-17 02:03:10,051 WARNING:授業 '微分積分学I' はすでに1週間のスケジュールに割り当てられています。
2025-01-17 02:03:10,051 WARNING:授業 '英会話' はすでに1週間のスケジュールに割り当てられています。
2025-01-17 02:03:10,051 WARNING:授業 '総合英語演習I' はすでに1週間のスケジュールに割り当てられています。
2025-01-17 02:03:10,051 WARNING:授業 'ベクトル解析' はすでに1週間のスケジュールに割り当てられています。
2025-01-17 02:03:10,052 WARNING:授業 '電磁気学' はすでに1週間のスケジュールに割り当てられています。
2025-01-17 02:03:10,052 WARNING:授業 '卒業研究' はすでに1週間のスケジュールに割り当てられています。
2025-01-17 02:03:10,052 WARNING:授業 '総合英語演習II' はすでに1週間のスケジュールに割り当てられています。
2025-01-17 02:03:10,052 WARNING:授業 '卒業研究' はすでに1週間のスケジュールに割り当てられています。
2025-01-17 02:03:10,052 WARNING:授業 '総合英語演習II' はすでに1週間のスケジュールに割り当てられています。
2025-01-17 02:03:10,052 WARNING:授業 '創造演習' はすでに1週間のスケジュールに割り当てられています。
2025-01-17 02:03:10,052 WARNING:授業 '工学実験II' はすでに1週間のスケジュールに割り当てられています。
2025-01-21 00:42:18,964 ERROR:JSON読み込みに失敗: cannot access local variable 'json' where it is not associated with a value
2025-01-21 00:44:47,908 ERROR:JSON読み込みに失敗: cannot access local variable 'json' where it is not associated with a value
2025-01-30 16:30:38,923 DEBUG:Days list: ['Monday', 'Tuesday', 'Wednesday', 'Thursday', 'Friday']
2025-01-30 16:30:38,951 DEBUG:=== 試行回数 1 ===
2025-01-30 16:30:38,998 DEBUG:全てのコースを割り当てました。試行回数: 1
2025-01-30 16:30:38,998 INFO:初期解の生成が完了しました。
2025-01-30 16:30:38,998 INFO:=== MaxSATソルバーによる最適化と評価の10回実行開始 ===
2025-01-30 16:30:38,998 INFO:=== MaxSAT イテレーション 1 開始 ===
2025-01-30 16:30:38,999 INFO:再配置を含むスケジュール最適化を開始します。
2025-01-30 16:30:39,017 WARNING:授業 '電子工学実験' に割り当て可能なスロットがありません。
2025-01-30 16:30:39,017 WARNING:授業 'HR' に割り当て可能なスロットがありません。
2025-01-30 16:30:39,019 WARNING:授業 'HR' に割り当て可能なスロットがありません。
2025-01-30 16:30:39,023 WARNING:授業 'HR' に割り当て可能なスロットがありません。
2025-01-30 16:30:39,023 WARNING:授業 'HR' に割り当て可能なスロットがありません。
2025-01-30 16:30:39,026 WARNING:授業 'HR' に割り当て可能なスロットがありません。
2025-01-30 16:30:39,067 WARNING:授業 '測量実習' に割り当て可能なスロットがありません。
2025-01-30 16:30:39,069 WARNING:授業 'コンピュータシステム実験' に割り当て可能なスロットがありません。
2025-01-30 16:30:39,081 WARNING:授業 '創造製作' に割り当て可能なスロットがありません。
2025-01-30 16:30:39,090 WARNING:授業 '数学演習' に割り当て可能なスロットがありません。
2025-01-30 16:30:39,099 WARNING:授業 'HR' に割り当て可能なスロットがありません。
2025-01-30 16:30:39,104 WARNING:授業 '工学デザイン基礎I' に割り当て可能なスロットがありません。
2025-01-30 16:30:39,117 WARNING:授業 '創造製作I' に割り当て可能なスロットがありません。
2025-01-30 16:30:39,119 WARNING:授業 '火薬学△' に割り当て可能なスロットがありません。
2025-01-30 16:30:39,120 WARNING:授業 'HR' に割り当て可能なスロットがありません。
2025-01-30 16:30:39,120 WARNING:授業 'HR' に割り当て可能なスロットがありません。
2025-01-30 16:30:39,121 WARNING:授業 '工作実習' に割り当て可能なスロットがありません。
2025-01-30 16:30:39,139 WARNING:授業 'HR' に割り当て可能なスロットがありません。
2025-01-30 16:30:39,167 WARNING:授業 '電子情報通信システム実験' に割り当て可能なスロットがありません。
2025-01-30 16:30:39,864 INFO:総制約数: 189391 (ハード制約: 189016, ソフト制約: 375)
2025-01-30 16:30:39,949 WARNING:解が見つかりませんでした。
2025-01-30 16:30:39,960 INFO:イテレーション 1: MaxSATソルバーによる最適化が完了しました。
2025-01-30 16:30:39,966 INFO:データを保存しました: ../../../Data/Schedule1.json
2025-01-30 16:30:39,966 INFO:イテレーション 1: 改善されたスケジュールをJSON形式で出力しました。ファイル: ../../../Data/Schedule1.json
2025-01-30 16:30:39,971 INFO:イテレーション 1: 評価が完了しました。Hard Violation Rate: 0.0, Soft Violation Rate: 0.10204081632653061
2025-01-30 16:30:39,971 INFO:イテレーション 1: 処理完了。
2025-01-30 16:30:40,976 INFO:=== 貪欲法による時間割作成と評価の10回実行開始 ===
2025-01-30 16:30:40,977 INFO:=== 貪欲法イテレーション 1 開始 ===
2025-01-30 16:30:41,013 DEBUG:Starting new HTTP connection (1): localhost:3001
2025-01-30 16:30:41,083 DEBUG:http://localhost:3001 "POST /api/timetable/create/run1 HTTP/1.1" 201 31922
2025-01-30 16:30:41,083 INFO:イテレーション 1: TypeScript API呼び出し成功。ID: run1
2025-01-30 16:30:41,084 INFO:イテレーション 1: エクスポートファイルの読み込みに成功。ファイル: Export2.json
2025-01-30 16:30:41,088 INFO:イテレーション 1: 評価が完了しました。Hard Violation Rate: 0.0, Soft Violation Rate: 0.05102040816326531
2025-01-30 16:30:41,088 INFO:イテレーション 1: 処理完了。
2025-01-30 16:30:42,093 INFO:=== 平均評価結果 ===
2025-01-30 16:30:42,093 INFO:
--- MaxSAT Optimized Schedule Average ---
2025-01-30 16:30:42,093 INFO:平均 Hard Violation Rate : 0.000
2025-01-30 16:30:42,094 INFO:平均 Soft Violation Rate : 0.102
2025-01-30 16:30:42,094 INFO:平均 作成時間 : 0.967 秒
2025-01-30 16:30:42,094 INFO:最短 作成時間 : 0.967 秒
2025-01-30 16:30:42,094 INFO:最長 作成時間 : 0.967 秒
2025-01-30 16:30:42,094 INFO:中央値 作成時間 : 0.967 秒
2025-01-30 16:30:42,094 INFO:平均 Hard Constraint H1_instructor_conflict = 0.000
2025-01-30 16:30:42,094 INFO:平均 Hard Constraint H2_room_conflict = 0.000
2025-01-30 16:30:42,094 INFO:平均 Hard Constraint H3_same_course_conflict = 0.000
2025-01-30 16:30:42,094 INFO:平均 Hard Constraint H4_exceed_4_times_in_a_day = 0.000
2025-01-30 16:30:42,094 INFO:平均 Hard Constraint H5_two_period_continuous = 0.000
2025-01-30 16:30:42,094 INFO:平均 Soft Constraint S1_instructor_free_day = 0.102
2025-01-30 16:30:42,094 INFO:
--- Greedy Schedules Average ---
2025-01-30 16:30:42,094 INFO:平均 Hard Violation Rate : 0.000
2025-01-30 16:30:42,094 INFO:平均 Soft Violation Rate : 0.051
2025-01-30 16:30:42,094 INFO:平均 作成時間 : 0.106 秒
2025-01-30 16:30:42,094 INFO:最短 作成時間 : 0.106 秒
2025-01-30 16:30:42,094 INFO:最長 作成時間 : 0.106 秒
2025-01-30 16:30:42,094 INFO:中央値 作成時間 : 0.106 秒
2025-01-30 16:30:42,094 INFO:平均 Hard Constraint H1_instructor_conflict = 0.000
2025-01-30 16:30:42,094 INFO:平均 Hard Constraint H2_room_conflict = 0.000
2025-01-30 16:30:42,094 INFO:平均 Hard Constraint H3_same_course_conflict = 0.000
2025-01-30 16:30:42,094 INFO:平均 Hard Constraint H4_exceed_4_times_in_a_day = 0.000
2025-01-30 16:30:42,094 INFO:平均 Hard Constraint H5_two_period_continuous = 0.000
2025-01-30 16:30:42,094 INFO:平均 Soft Constraint S1_instructor_free_day = 0.051
2025-01-30 16:30:42,094 INFO:全てのイテレーションが完了し、平均評価結果が出力されました。
2025-01-30 16:31:14,383 DEBUG:Days list: ['Monday', 'Tuesday', 'Wednesday', 'Thursday', 'Friday']
2025-01-30 16:31:14,408 DEBUG:=== 試行回数 1 ===
2025-01-30 16:31:14,454 DEBUG:全てのコースを割り当てました。試行回数: 1
2025-01-30 16:31:14,454 INFO:初期解の生成が完了しました。
2025-01-30 16:31:14,454 INFO:=== MaxSATソルバーによる最適化と評価の10回実行開始 ===
2025-01-30 16:31:14,454 INFO:=== MaxSAT イテレーション 1 開始 ===
2025-01-30 16:31:14,454 INFO:再配置を含むスケジュール最適化を開始します。
2025-01-30 16:31:14,464 WARNING:授業 'HR' に割り当て可能なスロットがありません。
2025-01-30 16:31:14,472 WARNING:授業 '工作実習' に割り当て可能なスロットがありません。
2025-01-30 16:31:14,487 WARNING:授業 'HR' に割り当て可能なスロットがありません。
2025-01-30 16:31:14,515 WARNING:授業 'コンピュータシステム実験' に割り当て可能なスロットがありません。
2025-01-30 16:31:14,515 WARNING:授業 'HR' に割り当て可能なスロットがありません。
2025-01-30 16:31:14,515 WARNING:授業 'HR' に割り当て可能なスロットがありません。
2025-01-30 16:31:14,521 WARNING:授業 'HR' に割り当て可能なスロットがありません。
2025-01-30 16:31:14,531 WARNING:授業 'HR' に割り当て可能なスロットがありません。
2025-01-30 16:31:14,531 WARNING:授業 'HR' に割り当て可能なスロットがありません。
2025-01-30 16:31:14,538 WARNING:授業 '電子工学実験' に割り当て可能なスロットがありません。
2025-01-30 16:31:14,542 WARNING:授業 '工学デザイン基礎I' に割り当て可能なスロットがありません。
2025-01-30 16:31:14,569 WARNING:授業 '創造製作' に割り当て可能なスロットがありません。
2025-01-30 16:31:14,579 WARNING:授業 '創造製作I' に割り当て可能なスロットがありません。
2025-01-30 16:31:14,585 WARNING:授業 '電子情報通信システム実験' に割り当て可能なスロットがありません。
2025-01-30 16:31:14,585 WARNING:授業 '火薬学△' に割り当て可能なスロットがありません。
2025-01-30 16:31:14,586 WARNING:授業 'HR' に割り当て可能なスロットがありません。
2025-01-30 16:31:14,602 WARNING:授業 '測量実習' に割り当て可能なスロットがありません。
2025-01-30 16:31:14,606 WARNING:授業 'HR' に割り当て可能なスロットがありません。
2025-01-30 16:31:14,608 WARNING:授業 '数学演習' に割り当て可能なスロットがありません。
2025-01-30 16:31:15,299 INFO:総制約数: 189391 (ハード制約: 189016, ソフト制約: 375)
2025-01-30 16:31:15,384 WARNING:解が見つかりませんでした。
2025-01-30 16:31:15,394 INFO:イテレーション 1: MaxSATソルバーによる最適化が完了しました。
2025-01-30 16:31:15,400 INFO:データを保存しました: ../../../Data/Schedule1.json
2025-01-30 16:31:15,400 INFO:イテレーション 1: 改善されたスケジュールをJSON形式で出力しました。ファイル: ../../../Data/Schedule1.json
2025-01-30 16:31:15,405 INFO:イテレーション 1: 評価が完了しました。Hard Violation Rate: 0.0, Soft Violation Rate: 0.1326530612244898
2025-01-30 16:31:15,405 INFO:イテレーション 1: 処理完了。
2025-01-30 16:31:16,410 INFO:=== MaxSAT イテレーション 2 開始 ===
2025-01-30 16:31:16,411 INFO:再配置を含むスケジュール最適化を開始します。
2025-01-30 16:31:16,428 WARNING:授業 'HR' に割り当て可能なスロットがありません。
2025-01-30 16:31:16,436 WARNING:授業 '工作実習' に割り当て可能なスロットがありません。
2025-01-30 16:31:16,460 WARNING:授業 'HR' に割り当て可能なスロットがありません。
2025-01-30 16:31:16,481 WARNING:授業 'コンピュータシステム実験' に割り当て可能なスロットがありません。
2025-01-30 16:31:16,481 WARNING:授業 'HR' に割り当て可能なスロットがありません。
2025-01-30 16:31:16,481 WARNING:授業 'HR' に割り当て可能なスロットがありません。
2025-01-30 16:31:16,487 WARNING:授業 'HR' に割り当て可能なスロットがありません。
2025-01-30 16:31:16,497 WARNING:授業 'HR' に割り当て可能なスロットがありません。
2025-01-30 16:31:16,497 WARNING:授業 'HR' に割り当て可能なスロットがありません。
2025-01-30 16:31:16,504 WARNING:授業 '電子工学実験' に割り当て可能なスロットがありません。
2025-01-30 16:31:16,508 WARNING:授業 '工学デザイン基礎I' に割り当て可能なスロットがありません。
2025-01-30 16:31:16,536 WARNING:授業 '創造製作' に割り当て可能なスロットがありません。
2025-01-30 16:31:16,545 WARNING:授業 '創造製作I' に割り当て可能なスロットがありません。
2025-01-30 16:31:16,552 WARNING:授業 '電子情報通信システム実験' に割り当て可能なスロットがありません。
2025-01-30 16:31:16,552 WARNING:授業 '火薬学△' に割り当て可能なスロットがありません。
2025-01-30 16:31:16,553 WARNING:授業 'HR' に割り当て可能なスロットがありません。
2025-01-30 16:31:16,582 WARNING:授業 '測量実習' に割り当て可能なスロットがありません。
2025-01-30 16:31:16,586 WARNING:授業 'HR' に割り当て可能なスロットがありません。
2025-01-30 16:31:16,588 WARNING:授業 '数学演習' に割り当て可能なスロットがありません。
2025-01-30 16:31:17,297 INFO:総制約数: 189391 (ハード制約: 189016, ソフト制約: 375)
2025-01-30 16:31:17,381 WARNING:解が見つかりませんでした。
2025-01-30 16:31:17,390 INFO:イテレーション 2: MaxSATソルバーによる最適化が完了しました。
2025-01-30 16:31:17,396 INFO:データを保存しました: ../../../Data/Schedule2.json
2025-01-30 16:31:17,397 INFO:イテレーション 2: 改善されたスケジュールをJSON形式で出力しました。ファイル: ../../../Data/Schedule2.json
2025-01-30 16:31:17,401 INFO:イテレーション 2: 評価が完了しました。Hard Violation Rate: 0.0, Soft Violation Rate: 0.1326530612244898
2025-01-30 16:31:17,401 INFO:イテレーション 2: 処理完了。
2025-01-30 16:31:18,407 INFO:=== MaxSAT イテレーション 3 開始 ===
2025-01-30 16:31:18,407 INFO:再配置を含むスケジュール最適化を開始します。
2025-01-30 16:31:18,428 WARNING:授業 'HR' に割り当て可能なスロットがありません。
2025-01-30 16:31:18,435 WARNING:授業 '工作実習' に割り当て可能なスロットがありません。
2025-01-30 16:31:18,456 WARNING:授業 'HR' に割り当て可能なスロットがありません。
2025-01-30 16:31:18,476 WARNING:授業 'コンピュータシステム実験' に割り当て可能なスロットがありません。
2025-01-30 16:31:18,476 WARNING:授業 'HR' に割り当て可能なスロットがありません。
2025-01-30 16:31:18,476 WARNING:授業 'HR' に割り当て可能なスロットがありません。
2025-01-30 16:31:18,482 WARNING:授業 'HR' に割り当て可能なスロットがありません。
2025-01-30 16:31:18,492 WARNING:授業 'HR' に割り当て可能なスロットがありません。
2025-01-30 16:31:18,492 WARNING:授業 'HR' に割り当て可能なスロットがありません。
2025-01-30 16:31:18,499 WARNING:授業 '電子工学実験' に割り当て可能なスロットがありません。
2025-01-30 16:31:18,503 WARNING:授業 '工学デザイン基礎I' に割り当て可能なスロットがありません。
2025-01-30 16:31:18,531 WARNING:授業 '創造製作' に割り当て可能なスロットがありません。
2025-01-30 16:31:18,541 WARNING:授業 '創造製作I' に割り当て可能なスロットがありません。
2025-01-30 16:31:18,547 WARNING:授業 '電子情報通信システム実験' に割り当て可能なスロットがありません。
2025-01-30 16:31:18,548 WARNING:授業 '火薬学△' に割り当て可能なスロットがありません。
2025-01-30 16:31:18,549 WARNING:授業 'HR' に割り当て可能なスロットがありません。
2025-01-30 16:31:18,577 WARNING:授業 '測量実習' に割り当て可能なスロットがありません。
2025-01-30 16:31:18,581 WARNING:授業 'HR' に割り当て可能なスロットがありません。
2025-01-30 16:31:18,583 WARNING:授業 '数学演習' に割り当て可能なスロットがありません。
2025-01-30 16:31:19,298 INFO:総制約数: 189391 (ハード制約: 189016, ソフト制約: 375)
2025-01-30 16:31:19,384 WARNING:解が見つかりませんでした。
2025-01-30 16:31:19,393 INFO:イテレーション 3: MaxSATソルバーによる最適化が完了しました。
2025-01-30 16:31:19,399 INFO:データを保存しました: ../../../Data/Schedule3.json
2025-01-30 16:31:19,399 INFO:イテレーション 3: 改善されたスケジュールをJSON形式で出力しました。ファイル: ../../../Data/Schedule3.json
2025-01-30 16:31:19,404 INFO:イテレーション 3: 評価が完了しました。Hard Violation Rate: 0.0, Soft Violation Rate: 0.1326530612244898
2025-01-30 16:31:19,404 INFO:イテレーション 3: 処理完了。
2025-01-30 16:31:20,409 INFO:=== MaxSAT イテレーション 4 開始 ===
2025-01-30 16:31:20,410 INFO:再配置を含むスケジュール最適化を開始します。
2025-01-30 16:31:20,427 WARNING:授業 'HR' に割り当て可能なスロットがありません。
2025-01-30 16:31:20,477 WARNING:授業 '工作実習' に割り当て可能なスロットがありません。
2025-01-30 16:31:20,495 WARNING:授業 'HR' に割り当て可能なスロットがありません。
2025-01-30 16:31:20,515 WARNING:授業 'コンピュータシステム実験' に割り当て可能なスロットがありません。
2025-01-30 16:31:20,515 WARNING:授業 'HR' に割り当て可能なスロットがありません。
2025-01-30 16:31:20,515 WARNING:授業 'HR' に割り当て可能なスロットがありません。
2025-01-30 16:31:20,521 WARNING:授業 'HR' に割り当て可能なスロットがありません。
2025-01-30 16:31:20,530 WARNING:授業 'HR' に割り当て可能なスロットがありません。
2025-01-30 16:31:20,530 WARNING:授業 'HR' に割り当て可能なスロットがありません。
2025-01-30 16:31:20,537 WARNING:授業 '電子工学実験' に割り当て可能なスロットがありません。
2025-01-30 16:31:20,541 WARNING:授業 '工学デザイン基礎I' に割り当て可能なスロットがありません。
2025-01-30 16:31:20,569 WARNING:授業 '創造製作' に割り当て可能なスロットがありません。
2025-01-30 16:31:20,578 WARNING:授業 '創造製作I' に割り当て可能なスロットがありません。
2025-01-30 16:31:20,596 WARNING:授業 '電子情報通信システム実験' に割り当て可能なスロットがありません。
2025-01-30 16:31:20,597 WARNING:授業 '火薬学△' に割り当て可能なスロットがありません。
2025-01-30 16:31:20,597 WARNING:授業 'HR' に割り当て可能なスロットがありません。
2025-01-30 16:31:20,613 WARNING:授業 '測量実習' に割り当て可能なスロットがありません。
2025-01-30 16:31:20,618 WARNING:授業 'HR' に割り当て可能なスロットがありません。
2025-01-30 16:31:20,620 WARNING:授業 '数学演習' に割り当て可能なスロットがありません。
2025-01-30 16:31:21,330 INFO:総制約数: 189391 (ハード制約: 189016, ソフト制約: 375)
2025-01-30 16:31:21,414 WARNING:解が見つかりませんでした。
2025-01-30 16:31:21,423 INFO:イテレーション 4: MaxSATソルバーによる最適化が完了しました。
2025-01-30 16:31:21,429 INFO:データを保存しました: ../../../Data/Schedule4.json
2025-01-30 16:31:21,429 INFO:イテレーション 4: 改善されたスケジュールをJSON形式で出力しました。ファイル: ../../../Data/Schedule4.json
2025-01-30 16:31:21,434 INFO:イテレーション 4: 評価が完了しました。Hard Violation Rate: 0.0, Soft Violation Rate: 0.1326530612244898
2025-01-30 16:31:21,434 INFO:イテレーション 4: 処理完了。
2025-01-30 16:31:22,439 INFO:=== MaxSAT イテレーション 5 開始 ===
2025-01-30 16:31:22,440 INFO:再配置を含むスケジュール最適化を開始します。
2025-01-30 16:31:22,469 WARNING:授業 'HR' に割り当て可能なスロットがありません。
2025-01-30 16:31:22,476 WARNING:授業 '工作実習' に割り当て可能なスロットがありません。
2025-01-30 16:31:22,491 WARNING:授業 'HR' に割り当て可能なスロットがありません。
2025-01-30 16:31:22,511 WARNING:授業 'コンピュータシステム実験' に割り当て可能なスロットがありません。
2025-01-30 16:31:22,511 WARNING:授業 'HR' に割り当て可能なスロットがありません。
2025-01-30 16:31:22,511 WARNING:授業 'HR' に割り当て可能なスロットがありません。
2025-01-30 16:31:22,517 WARNING:授業 'HR' に割り当て可能なスロットがありません。
2025-01-30 16:31:22,526 WARNING:授業 'HR' に割り当て可能なスロットがありません。
2025-01-30 16:31:22,526 WARNING:授業 'HR' に割り当て可能なスロットがありません。
2025-01-30 16:31:22,533 WARNING:授業 '電子工学実験' に割り当て可能なスロットがありません。
2025-01-30 16:31:22,537 WARNING:授業 '工学デザイン基礎I' に割り当て可能なスロットがありません。
2025-01-30 16:31:22,576 WARNING:授業 '創造製作' に割り当て可能なスロットがありません。
2025-01-30 16:31:22,586 WARNING:授業 '創造製作I' に割り当て可能なスロットがありません。
2025-01-30 16:31:22,593 WARNING:授業 '電子情報通信システム実験' に割り当て可能なスロットがありません。
2025-01-30 16:31:22,593 WARNING:授業 '火薬学△' に割り当て可能なスロットがありません。
2025-01-30 16:31:22,594 WARNING:授業 'HR' に割り当て可能なスロットがありません。
2025-01-30 16:31:22,610 WARNING:授業 '測量実習' に割り当て可能なスロットがありません。
2025-01-30 16:31:22,615 WARNING:授業 'HR' に割り当て可能なスロットがありません。
2025-01-30 16:31:22,617 WARNING:授業 '数学演習' に割り当て可能なスロットがありません。
2025-01-30 16:31:23,344 INFO:総制約数: 189391 (ハード制約: 189016, ソフト制約: 375)
2025-01-30 16:31:23,428 WARNING:解が見つかりませんでした。
2025-01-30 16:31:23,437 INFO:イテレーション 5: MaxSATソルバーによる最適化が完了しました。
2025-01-30 16:31:23,444 INFO:データを保存しました: ../../../Data/Schedule5.json
2025-01-30 16:31:23,444 INFO:イテレーション 5: 改善されたスケジュールをJSON形式で出力しました。ファイル: ../../../Data/Schedule5.json
2025-01-30 16:31:23,449 INFO:イテレーション 5: 評価が完了しました。Hard Violation Rate: 0.0, Soft Violation Rate: 0.1326530612244898
2025-01-30 16:31:23,449 INFO:イテレーション 5: 処理完了。
2025-01-30 16:31:24,454 INFO:=== MaxSAT イテレーション 6 開始 ===
2025-01-30 16:31:24,454 INFO:再配置を含むスケジュール最適化を開始します。
2025-01-30 16:31:24,464 WARNING:授業 'HR' に割り当て可能なスロットがありません。
2025-01-30 16:31:24,472 WARNING:授業 '工作実習' に割り当て可能なスロットがありません。
2025-01-30 16:31:24,493 WARNING:授業 'HR' に割り当て可能なスロットがありません。
2025-01-30 16:31:24,513 WARNING:授業 'コンピュータシステム実験' に割り当て可能なスロットがありません。
2025-01-30 16:31:24,513 WARNING:授業 'HR' に割り当て可能なスロットがありません。
2025-01-30 16:31:24,513 WARNING:授業 'HR' に割り当て可能なスロットがありません。
2025-01-30 16:31:24,519 WARNING:授業 'HR' に割り当て可能なスロットがありません。
2025-01-30 16:31:24,528 WARNING:授業 'HR' に割り当て可能なスロットがありません。
2025-01-30 16:31:24,528 WARNING:授業 'HR' に割り当て可能なスロットがありません。
2025-01-30 16:31:24,535 WARNING:授業 '電子工学実験' に割り当て可能なスロットがありません。
2025-01-30 16:31:24,538 WARNING:授業 '工学デザイン基礎I' に割り当て可能なスロットがありません。
2025-01-30 16:31:24,575 WARNING:授業 '創造製作' に割り当て可能なスロットがありません。
2025-01-30 16:31:24,585 WARNING:授業 '創造製作I' に割り当て可能なスロットがありません。
2025-01-30 16:31:24,592 WARNING:授業 '電子情報通信システム実験' に割り当て可能なスロットがありません。
2025-01-30 16:31:24,593 WARNING:授業 '火薬学△' に割り当て可能なスロットがありません。
2025-01-30 16:31:24,593 WARNING:授業 'HR' に割り当て可能なスロットがありません。
2025-01-30 16:31:24,610 WARNING:授業 '測量実習' に割り当て可能なスロットがありません。
2025-01-30 16:31:24,614 WARNING:授業 'HR' に割り当て可能なスロットがありません。
2025-01-30 16:31:24,616 WARNING:授業 '数学演習' に割り当て可能なスロットがありません。
2025-01-30 16:31:25,345 INFO:総制約数: 189391 (ハード制約: 189016, ソフト制約: 375)
2025-01-30 16:31:25,429 WARNING:解が見つかりませんでした。
2025-01-30 16:31:25,438 INFO:イテレーション 6: MaxSATソルバーによる最適化が完了しました。
2025-01-30 16:31:25,445 INFO:データを保存しました: ../../../Data/Schedule6.json
2025-01-30 16:31:25,445 INFO:イテレーション 6: 改善されたスケジュールをJSON形式で出力しました。ファイル: ../../../Data/Schedule6.json
2025-01-30 16:31:25,450 INFO:イテレーション 6: 評価が完了しました。Hard Violation Rate: 0.0, Soft Violation Rate: 0.1326530612244898
2025-01-30 16:31:25,450 INFO:イテレーション 6: 処理完了。
2025-01-30 16:31:26,455 INFO:=== MaxSAT イテレーション 7 開始 ===
2025-01-30 16:31:26,455 INFO:再配置を含むスケジュール最適化を開始します。
2025-01-30 16:31:26,474 WARNING:授業 'HR' に割り当て可能なスロットがありません。
2025-01-30 16:31:26,482 WARNING:授業 '工作実習' に割り当て可能なスロットがありません。
2025-01-30 16:31:26,497 WARNING:授業 'HR' に割り当て可能なスロットがありません。
2025-01-30 16:31:26,517 WARNING:授業 'コンピュータシステム実験' に割り当て可能なスロットがありません。
2025-01-30 16:31:26,517 WARNING:授業 'HR' に割り当て可能なスロットがありません。
2025-01-30 16:31:26,518 WARNING:授業 'HR' に割り当て可能なスロットがありません。
2025-01-30 16:31:26,523 WARNING:授業 'HR' に割り当て可能なスロットがありません。
2025-01-30 16:31:26,532 WARNING:授業 'HR' に割り当て可能なスロットがありません。
2025-01-30 16:31:26,533 WARNING:授業 'HR' に割り当て可能なスロットがありません。
2025-01-30 16:31:26,539 WARNING:授業 '電子工学実験' に割り当て可能なスロットがありません。
2025-01-30 16:31:26,543 WARNING:授業 '工学デザイン基礎I' に割り当て可能なスロットがありません。
2025-01-30 16:31:26,579 WARNING:授業 '創造製作' に割り当て可能なスロットがありません。
2025-01-30 16:31:26,588 WARNING:授業 '創造製作I' に割り当て可能なスロットがありません。
2025-01-30 16:31:26,595 WARNING:授業 '電子情報通信システム実験' に割り当て可能なスロットがありません。
2025-01-30 16:31:26,595 WARNING:授業 '火薬学△' に割り当て可能なスロットがありません。
2025-01-30 16:31:26,596 WARNING:授業 'HR' に割り当て可能なスロットがありません。
2025-01-30 16:31:26,612 WARNING:授業 '測量実習' に割り当て可能なスロットがありません。
2025-01-30 16:31:26,617 WARNING:授業 'HR' に割り当て可能なスロットがありません。
2025-01-30 16:31:26,618 WARNING:授業 '数学演習' に割り当て可能なスロットがありません。
2025-01-30 16:31:27,342 INFO:総制約数: 189391 (ハード制約: 189016, ソフト制約: 375)
2025-01-30 16:31:27,424 WARNING:解が見つかりませんでした。
2025-01-30 16:31:27,434 INFO:イテレーション 7: MaxSATソルバーによる最適化が完了しました。
2025-01-30 16:31:27,440 INFO:データを保存しました: ../../../Data/Schedule7.json
2025-01-30 16:31:27,440 INFO:イテレーション 7: 改善されたスケジュールをJSON形式で出力しました。ファイル: ../../../Data/Schedule7.json
2025-01-30 16:31:27,445 INFO:イテレーション 7: 評価が完了しました。Hard Violation Rate: 0.0, Soft Violation Rate: 0.1326530612244898
2025-01-30 16:31:27,445 INFO:イテレーション 7: 処理完了。
2025-01-30 16:31:28,450 INFO:=== MaxSAT イテレーション 8 開始 ===
2025-01-30 16:31:28,451 INFO:再配置を含むスケジュール最適化を開始します。
2025-01-30 16:31:28,469 WARNING:授業 'HR' に割り当て可能なスロットがありません。
2025-01-30 16:31:28,477 WARNING:授業 '工作実習' に割り当て可能なスロットがありません。
2025-01-30 16:31:28,492 WARNING:授業 'HR' に割り当て可能なスロットがありません。
2025-01-30 16:31:28,512 WARNING:授業 'コンピュータシステム実験' に割り当て可能なスロットがありません。
2025-01-30 16:31:28,512 WARNING:授業 'HR' に割り当て可能なスロットがありません。
2025-01-30 16:31:28,512 WARNING:授業 'HR' に割り当て可能なスロットがありません。
2025-01-30 16:31:28,518 WARNING:授業 'HR' に割り当て可能なスロットがありません。
2025-01-30 16:31:28,527 WARNING:授業 'HR' に割り当て可能なスロットがありません。
2025-01-30 16:31:28,527 WARNING:授業 'HR' に割り当て可能なスロットがありません。
2025-01-30 16:31:28,534 WARNING:授業 '電子工学実験' に割り当て可能なスロットがありません。
2025-01-30 16:31:28,547 WARNING:授業 '工学デザイン基礎I' に割り当て可能なスロットがありません。
2025-01-30 16:31:28,574 WARNING:授業 '創造製作' に割り当て可能なスロットがありません。
2025-01-30 16:31:28,583 WARNING:授業 '創造製作I' に割り当て可能なスロットがありません。
2025-01-30 16:31:28,590 WARNING:授業 '電子情報通信システム実験' に割り当て可能なスロットがありません。
2025-01-30 16:31:28,590 WARNING:授業 '火薬学△' に割り当て可能なスロットがありません。
2025-01-30 16:31:28,591 WARNING:授業 'HR' に割り当て可能なスロットがありません。
2025-01-30 16:31:28,607 WARNING:授業 '測量実習' に割り当て可能なスロットがありません。
2025-01-30 16:31:28,611 WARNING:授業 'HR' に割り当て可能なスロットがありません。
2025-01-30 16:31:28,613 WARNING:授業 '数学演習' に割り当て可能なスロットがありません。
2025-01-30 16:31:29,342 INFO:総制約数: 189391 (ハード制約: 189016, ソフト制約: 375)
2025-01-30 16:31:29,434 WARNING:解が見つかりませんでした。
2025-01-30 16:31:29,443 INFO:イテレーション 8: MaxSATソルバーによる最適化が完了しました。
2025-01-30 16:31:29,450 INFO:データを保存しました: ../../../Data/Schedule8.json
2025-01-30 16:31:29,450 INFO:イテレーション 8: 改善されたスケジュールをJSON形式で出力しました。ファイル: ../../../Data/Schedule8.json
2025-01-30 16:31:29,455 INFO:イテレーション 8: 評価が完了しました。Hard Violation Rate: 0.0, Soft Violation Rate: 0.1326530612244898
2025-01-30 16:31:29,455 INFO:イテレーション 8: 処理完了。
2025-01-30 16:31:30,460 INFO:=== MaxSAT イテレーション 9 開始 ===
2025-01-30 16:31:30,461 INFO:再配置を含むスケジュール最適化を開始します。
2025-01-30 16:31:30,480 WARNING:授業 'HR' に割り当て可能なスロットがありません。
2025-01-30 16:31:30,488 WARNING:授業 '工作実習' に割り当て可能なスロットがありません。
2025-01-30 16:31:30,503 WARNING:授業 'HR' に割り当て可能なスロットがありません。
2025-01-30 16:31:30,523 WARNING:授業 'コンピュータシステム実験' に割り当て可能なスロットがありません。
2025-01-30 16:31:30,523 WARNING:授業 'HR' に割り当て可能なスロットがありません。
2025-01-30 16:31:30,523 WARNING:授業 'HR' に割り当て可能なスロットがありません。
2025-01-30 16:31:30,529 WARNING:授業 'HR' に割り当て可能なスロットがありません。
2025-01-30 16:31:30,546 WARNING:授業 'HR' に割り当て可能なスロットがありません。
2025-01-30 16:31:30,547 WARNING:授業 'HR' に割り当て可能なスロットがありません。
2025-01-30 16:31:30,553 WARNING:授業 '電子工学実験' に割り当て可能なスロットがありません。
2025-01-30 16:31:30,557 WARNING:授業 '工学デザイン基礎I' に割り当て可能なスロットがありません。
2025-01-30 16:31:30,585 WARNING:授業 '創造製作' に割り当て可能なスロットがありません。
2025-01-30 16:31:30,594 WARNING:授業 '創造製作I' に割り当て可能なスロットがありません。
2025-01-30 16:31:30,601 WARNING:授業 '電子情報通信システム実験' に割り当て可能なスロットがありません。
2025-01-30 16:31:30,601 WARNING:授業 '火薬学△' に割り当て可能なスロットがありません。
2025-01-30 16:31:30,602 WARNING:授業 'HR' に割り当て可能なスロットがありません。
2025-01-30 16:31:30,618 WARNING:授業 '測量実習' に割り当て可能なスロットがありません。
2025-01-30 16:31:30,622 WARNING:授業 'HR' に割り当て可能なスロットがありません。
2025-01-30 16:31:30,624 WARNING:授業 '数学演習' に割り当て可能なスロットがありません。
2025-01-30 16:31:31,362 INFO:総制約数: 189391 (ハード制約: 189016, ソフト制約: 375)
2025-01-30 16:31:31,444 WARNING:解が見つかりませんでした。
2025-01-30 16:31:31,453 INFO:イテレーション 9: MaxSATソルバーによる最適化が完了しました。
2025-01-30 16:31:31,459 INFO:データを保存しました: ../../../Data/Schedule9.json
2025-01-30 16:31:31,459 INFO:イテレーション 9: 改善されたスケジュールをJSON形式で出力しました。ファイル: ../../../Data/Schedule9.json
2025-01-30 16:31:31,464 INFO:イテレーション 9: 評価が完了しました。Hard Violation Rate: 0.0, Soft Violation Rate: 0.1326530612244898
2025-01-30 16:31:31,464 INFO:イテレーション 9: 処理完了。
2025-01-30 16:31:32,470 INFO:=== MaxSAT イテレーション 10 開始 ===
2025-01-30 16:31:32,470 INFO:再配置を含むスケジュール最適化を開始します。
2025-01-30 16:31:32,489 WARNING:授業 'HR' に割り当て可能なスロットがありません。
2025-01-30 16:31:32,496 WARNING:授業 '工作実習' に割り当て可能なスロットがありません。
2025-01-30 16:31:32,512 WARNING:授業 'HR' に割り当て可能なスロットがありません。
2025-01-30 16:31:32,532 WARNING:授業 'コンピュータシステム実験' に割り当て可能なスロットがありません。
2025-01-30 16:31:32,532 WARNING:授業 'HR' に割り当て可能なスロットがありません。
2025-01-30 16:31:32,533 WARNING:授業 'HR' に割り当て可能なスロットがありません。
2025-01-30 16:31:32,547 WARNING:授業 'HR' に割り当て可能なスロットがありません。
2025-01-30 16:31:32,556 WARNING:授業 'HR' に割り当て可能なスロットがありません。
2025-01-30 16:31:32,556 WARNING:授業 'HR' に割り当て可能なスロットがありません。
2025-01-30 16:31:32,563 WARNING:授業 '電子工学実験' に割り当て可能なスロットがありません。
2025-01-30 16:31:32,567 WARNING:授業 '工学デザイン基礎I' に割り当て可能なスロットがありません。
2025-01-30 16:31:32,594 WARNING:授業 '創造製作' に割り当て可能なスロットがありません。
2025-01-30 16:31:32,603 WARNING:授業 '創造製作I' に割り当て可能なスロットがありません。
2025-01-30 16:31:32,610 WARNING:授業 '電子情報通信システム実験' に割り当て可能なスロットがありません。
2025-01-30 16:31:32,610 WARNING:授業 '火薬学△' に割り当て可能なスロットがありません。
2025-01-30 16:31:32,611 WARNING:授業 'HR' に割り当て可能なスロットがありません。
2025-01-30 16:31:32,627 WARNING:授業 '測量実習' に割り当て可能なスロットがありません。
2025-01-30 16:31:32,631 WARNING:授業 'HR' に割り当て可能なスロットがありません。
2025-01-30 16:31:32,633 WARNING:授業 '数学演習' に割り当て可能なスロットがありません。
2025-01-30 16:31:33,362 INFO:総制約数: 189391 (ハード制約: 189016, ソフト制約: 375)
2025-01-30 16:31:33,443 WARNING:解が見つかりませんでした。
2025-01-30 16:31:33,453 INFO:イテレーション 10: MaxSATソルバーによる最適化が完了しました。
2025-01-30 16:31:33,460 INFO:データを保存しました: ../../../Data/Schedule10.json
2025-01-30 16:31:33,460 INFO:イテレーション 10: 改善されたスケジュールをJSON形式で出力しました。ファイル: ../../../Data/Schedule10.json
2025-01-30 16:31:33,465 INFO:イテレーション 10: 評価が完了しました。Hard Violation Rate: 0.0, Soft Violation Rate: 0.1326530612244898
2025-01-30 16:31:33,465 INFO:イテレーション 10: 処理完了。
2025-01-30 16:31:34,470 INFO:=== 貪欲法による時間割作成と評価の10回実行開始 ===
2025-01-30 16:31:34,471 INFO:=== 貪欲法イテレーション 1 開始 ===
2025-01-30 16:31:34,491 DEBUG:Starting new HTTP connection (1): localhost:3001
2025-01-30 16:31:34,518 DEBUG:http://localhost:3001 "POST /api/timetable/create/run1 HTTP/1.1" 201 32595
2025-01-30 16:31:34,519 INFO:イテレーション 1: TypeScript API呼び出し成功。ID: run1
2025-01-30 16:31:34,520 INFO:イテレーション 1: エクスポートファイルの読み込みに成功。ファイル: Export2.json
2025-01-30 16:31:34,524 INFO:イテレーション 1: 評価が完了しました。Hard Violation Rate: 0.0, Soft Violation Rate: 0.05102040816326531
2025-01-30 16:31:34,524 INFO:イテレーション 1: 処理完了。
2025-01-30 16:31:35,529 INFO:=== 貪欲法イテレーション 2 開始 ===
2025-01-30 16:31:35,532 DEBUG:Starting new HTTP connection (1): localhost:3001
2025-01-30 16:31:35,547 DEBUG:http://localhost:3001 "POST /api/timetable/create/run2 HTTP/1.1" 201 32276
2025-01-30 16:31:35,549 INFO:イテレーション 2: TypeScript API呼び出し成功。ID: run2
2025-01-30 16:31:35,550 INFO:イテレーション 2: エクスポートファイルの読み込みに成功。ファイル: Export3.json
2025-01-30 16:31:35,554 INFO:イテレーション 2: 評価が完了しました。Hard Violation Rate: 0.12, Soft Violation Rate: 0.09183673469387756
2025-01-30 16:31:35,554 INFO:イテレーション 2: 処理完了。
2025-01-30 16:31:36,559 INFO:=== 貪欲法イテレーション 3 開始 ===
2025-01-30 16:31:36,562 DEBUG:Starting new HTTP connection (1): localhost:3001
2025-01-30 16:31:36,575 DEBUG:http://localhost:3001 "POST /api/timetable/create/run3 HTTP/1.1" 201 32840
2025-01-30 16:31:36,576 INFO:イテレーション 3: TypeScript API呼び出し成功。ID: run3
2025-01-30 16:31:36,577 INFO:イテレーション 3: エクスポートファイルの読み込みに成功。ファイル: Export4.json
2025-01-30 16:31:36,582 INFO:イテレーション 3: 評価が完了しました。Hard Violation Rate: 0.1, Soft Violation Rate: 0.08163265306122448
2025-01-30 16:31:36,582 INFO:イテレーション 3: 処理完了。
2025-01-30 16:31:37,588 INFO:=== 貪欲法イテレーション 4 開始 ===
2025-01-30 16:31:37,593 DEBUG:Starting new HTTP connection (1): localhost:3001
2025-01-30 16:31:37,611 DEBUG:http://localhost:3001 "POST /api/timetable/create/run4 HTTP/1.1" 201 32261
2025-01-30 16:31:37,612 INFO:イテレーション 4: TypeScript API呼び出し成功。ID: run4
2025-01-30 16:31:37,613 INFO:イテレーション 4: エクスポートファイルの読み込みに成功。ファイル: Export5.json
2025-01-30 16:31:37,617 INFO:イテレーション 4: 評価が完了しました。Hard Violation Rate: 0.1, Soft Violation Rate: 0.02040816326530612
2025-01-30 16:31:37,617 INFO:イテレーション 4: 処理完了。
2025-01-30 16:31:38,623 INFO:=== 貪欲法イテレーション 5 開始 ===
2025-01-30 16:31:38,628 DEBUG:Starting new HTTP connection (1): localhost:3001
2025-01-30 16:31:38,648 DEBUG:http://localhost:3001 "POST /api/timetable/create/run5 HTTP/1.1" 201 32301
2025-01-30 16:31:38,649 INFO:イテレーション 5: TypeScript API呼び出し成功。ID: run5
2025-01-30 16:31:38,650 INFO:イテレーション 5: エクスポートファイルの読み込みに成功。ファイル: Export6.json
2025-01-30 16:31:38,654 INFO:イテレーション 5: 評価が完了しました。Hard Violation Rate: 0.13333333333333333, Soft Violation Rate: 0.08163265306122448
2025-01-30 16:31:38,654 INFO:イテレーション 5: 処理完了。
2025-01-30 16:31:39,660 INFO:=== 貪欲法イテレーション 6 開始 ===
2025-01-30 16:31:39,664 DEBUG:Starting new HTTP connection (1): localhost:3001
2025-01-30 16:31:39,690 DEBUG:http://localhost:3001 "POST /api/timetable/create/run6 HTTP/1.1" 201 31744
2025-01-30 16:31:39,691 INFO:イテレーション 6: TypeScript API呼び出し成功。ID: run6
2025-01-30 16:31:39,692 INFO:イテレーション 6: エクスポートファイルの読み込みに成功。ファイル: Export7.json
2025-01-30 16:31:39,696 INFO:イテレーション 6: 評価が完了しました。Hard Violation Rate: 0.1, Soft Violation Rate: 0.061224489795918366
2025-01-30 16:31:39,696 INFO:イテレーション 6: 処理完了。
2025-01-30 16:31:40,698 INFO:=== 貪欲法イテレーション 7 開始 ===
2025-01-30 16:31:40,703 DEBUG:Starting new HTTP connection (1): localhost:3001
2025-01-30 16:31:40,753 DEBUG:http://localhost:3001 "POST /api/timetable/create/run7 HTTP/1.1" 201 31846
2025-01-30 16:31:40,753 INFO:イテレーション 7: TypeScript API呼び出し成功。ID: run7
2025-01-30 16:31:40,754 INFO:イテレーション 7: エクスポートファイルの読み込みに成功。ファイル: Export8.json
2025-01-30 16:31:40,759 INFO:イテレーション 7: 評価が完了しました。Hard Violation Rate: 0.0, Soft Violation Rate: 0.07142857142857142
2025-01-30 16:31:40,759 INFO:イテレーション 7: 処理完了。
2025-01-30 16:31:41,765 INFO:=== 貪欲法イテレーション 8 開始 ===
2025-01-30 16:31:41,769 DEBUG:Starting new HTTP connection (1): localhost:3001
2025-01-30 16:31:41,785 DEBUG:http://localhost:3001 "POST /api/timetable/create/run8 HTTP/1.1" 201 32025
2025-01-30 16:31:41,786 INFO:イテレーション 8: TypeScript API呼び出し成功。ID: run8
2025-01-30 16:31:41,787 INFO:イテレーション 8: エクスポートファイルの読み込みに成功。ファイル: Export9.json
2025-01-30 16:31:41,791 INFO:イテレーション 8: 評価が完了しました。Hard Violation Rate: 0.06666666666666667, Soft Violation Rate: 0.061224489795918366
2025-01-30 16:31:41,791 INFO:イテレーション 8: 処理完了。
2025-01-30 16:31:42,796 INFO:=== 貪欲法イテレーション 9 開始 ===
2025-01-30 16:31:42,801 DEBUG:Starting new HTTP connection (1): localhost:3001
2025-01-30 16:31:42,819 DEBUG:http://localhost:3001 "POST /api/timetable/create/run9 HTTP/1.1" 201 32118
2025-01-30 16:31:42,820 INFO:イテレーション 9: TypeScript API呼び出し成功。ID: run9
2025-01-30 16:31:42,821 INFO:イテレーション 9: エクスポートファイルの読み込みに成功。ファイル: Export10.json
2025-01-30 16:31:42,825 INFO:イテレーション 9: 評価が完了しました。Hard Violation Rate: 0.1, Soft Violation Rate: 0.04081632653061224
2025-01-30 16:31:42,825 INFO:イテレーション 9: 処理完了。
2025-01-30 16:31:43,831 INFO:=== 貪欲法イテレーション 10 開始 ===
2025-01-30 16:31:43,834 DEBUG:Starting new HTTP connection (1): localhost:3001
2025-01-30 16:31:43,847 DEBUG:http://localhost:3001 "POST /api/timetable/create/run10 HTTP/1.1" 201 31911
2025-01-30 16:31:43,848 INFO:イテレーション 10: TypeScript API呼び出し成功。ID: run10
2025-01-30 16:31:43,849 INFO:イテレーション 10: エクスポートファイルの読み込みに成功。ファイル: Export11.json
2025-01-30 16:31:43,853 INFO:イテレーション 10: 評価が完了しました。Hard Violation Rate: 0.05, Soft Violation Rate: 0.05102040816326531
2025-01-30 16:31:43,853 INFO:イテレーション 10: 処理完了。
2025-01-30 16:31:44,859 INFO:=== 平均評価結果 ===
2025-01-30 16:31:44,859 INFO:
--- MaxSAT Optimized Schedule Average ---
2025-01-30 16:31:44,859 INFO:平均 Hard Violation Rate : 0.000
2025-01-30 16:31:44,859 INFO:平均 Soft Violation Rate : 0.133
2025-01-30 16:31:44,859 INFO:平均 作成時間 : 0.991 秒
2025-01-30 16:31:44,859 INFO:最短 作成時間 : 0.945 秒
2025-01-30 16:31:44,859 INFO:最長 作成時間 : 1.019 秒
2025-01-30 16:31:44,859 INFO:中央値 作成時間 : 0.991 秒
2025-01-30 16:31:44,859 INFO:平均 Hard Constraint H1_instructor_conflict = 0.000
2025-01-30 16:31:44,859 INFO:平均 Hard Constraint H2_room_conflict = 0.000
2025-01-30 16:31:44,859 INFO:平均 Hard Constraint H3_same_course_conflict = 0.000
2025-01-30 16:31:44,859 INFO:平均 Hard Constraint H4_exceed_4_times_in_a_day = 0.000
2025-01-30 16:31:44,859 INFO:平均 Hard Constraint H5_two_period_continuous = 0.000
2025-01-30 16:31:44,859 INFO:平均 Soft Constraint S1_instructor_free_day = 0.133
2025-01-30 16:31:44,859 INFO:
--- Greedy Schedules Average ---
2025-01-30 16:31:44,859 INFO:平均 Hard Violation Rate : 0.077
2025-01-30 16:31:44,859 INFO:平均 Soft Violation Rate : 0.061
2025-01-30 16:31:44,859 INFO:平均 作成時間 : 0.028 秒
2025-01-30 16:31:44,859 INFO:最短 作成時間 : 0.017 秒
2025-01-30 16:31:44,859 INFO:最長 作成時間 : 0.054 秒
2025-01-30 16:31:44,859 INFO:中央値 作成時間 : 0.028 秒
2025-01-30 16:31:44,859 INFO:平均 Hard Constraint H1_instructor_conflict = 0.000
2025-01-30 16:31:44,859 INFO:平均 Hard Constraint H2_room_conflict = 0.000
2025-01-30 16:31:44,859 INFO:平均 Hard Constraint H3_same_course_conflict = 0.000
2025-01-30 16:31:44,860 INFO:平均 Hard Constraint H4_exceed_4_times_in_a_day = 0.000
2025-01-30 16:31:44,860 INFO:平均 Hard Constraint H5_two_period_continuous = 0.385
2025-01-30 16:31:44,860 INFO:平均 Soft Constraint S1_instructor_free_day = 0.061
2025-01-30 16:31:44,860 INFO:全てのイテレーションが完了し、平均評価結果が出力されました。
