2025-01-23 15:52:36,669 DEBUG:全てのコースを割り当てました。
2025-01-23 15:52:36,669 INFO:初期解の生成が完了しました。
2025-01-23 15:52:36,670 INFO:MaxSATによる最適化を開始します。
2025-01-23 15:52:36,670 DEBUG:Initial Solution Instructor Schedule:
2025-01-23 15:52:36,670 DEBUG:=== Instructor Schedule ===
2025-01-23 15:52:36,670 DEBUG:=== Days with No Classes per Instructor ===
2025-01-23 15:52:36,670 DEBUG:Instructor 天内: 2 day(s) with no classes (out of 5)
2025-01-23 15:52:36,670 DEBUG:Instructor 長廣: 4 day(s) with no classes (out of 5)
2025-01-23 15:52:36,670 DEBUG:Instructor 東: 4 day(s) with no classes (out of 5)
2025-01-23 15:52:36,670 DEBUG:Instructor 長戸: 3 day(s) with no classes (out of 5)
2025-01-23 15:52:36,670 DEBUG:Instructor 唐松: 5 day(s) with no classes (out of 5)
2025-01-23 15:52:36,670 DEBUG:Instructor 倉増: 1 day(s) with no classes (out of 5)
2025-01-23 15:52:36,670 DEBUG:Instructor 大橋: 2 day(s) with no classes (out of 5)
2025-01-23 15:52:36,670 DEBUG:Instructor 谷本: 4 day(s) with no classes (out of 5)
2025-01-23 15:52:36,670 DEBUG:Instructor 金: 1 day(s) with no classes (out of 5)
2025-01-23 15:52:36,670 DEBUG:Instructor 米田: 2 day(s) with no classes (out of 5)
2025-01-23 15:52:36,670 DEBUG:Instructor 高橋: 1 day(s) with no classes (out of 5)
2025-01-23 15:52:36,670 DEBUG:Instructor 上田和: 0 day(s) with no classes (out of 5)
2025-01-23 15:52:36,670 DEBUG:Instructor 菊地: 2 day(s) with no classes (out of 5)
2025-01-23 15:52:36,670 DEBUG:Instructor 山本: 3 day(s) with no classes (out of 5)
2025-01-23 15:52:36,670 DEBUG:Instructor 奥山: 0 day(s) with no classes (out of 5)
2025-01-23 15:52:36,670 DEBUG:Instructor 北: 0 day(s) with no classes (out of 5)
2025-01-23 15:52:36,670 DEBUG:Instructor 宇野: 4 day(s) with no classes (out of 5)
2025-01-23 15:52:36,670 DEBUG:Instructor 石飛: 2 day(s) with no classes (out of 5)
2025-01-23 15:52:36,670 DEBUG:Instructor 伊藤: 2 day(s) with no classes (out of 5)
2025-01-23 15:52:36,671 DEBUG:Instructor 上田真: 2 day(s) with no classes (out of 5)
2025-01-23 15:52:36,671 DEBUG:Instructor 高槻: 0 day(s) with no classes (out of 5)
2025-01-23 15:52:36,671 DEBUG:Instructor 中村: 0 day(s) with no classes (out of 5)
2025-01-23 15:52:36,671 DEBUG:Instructor 櫻本: 2 day(s) with no classes (out of 5)
2025-01-23 15:52:36,671 DEBUG:Instructor 西村: 1 day(s) with no classes (out of 5)
2025-01-23 15:52:36,671 DEBUG:Instructor 池田光: 1 day(s) with no classes (out of 5)
2025-01-23 15:52:36,671 DEBUG:Instructor 張間: 0 day(s) with no classes (out of 5)
2025-01-23 15:52:36,671 DEBUG:Instructor 福田: 1 day(s) with no classes (out of 5)
2025-01-23 15:52:36,671 DEBUG:Instructor 鈴木: 4 day(s) with no classes (out of 5)
2025-01-23 15:52:36,671 DEBUG:Instructor 阿部: 4 day(s) with no classes (out of 5)
2025-01-23 15:52:36,671 DEBUG:Instructor 藤本: 3 day(s) with no classes (out of 5)
2025-01-23 15:52:36,671 DEBUG:Instructor 石田: 3 day(s) with no classes (out of 5)
2025-01-23 15:52:36,671 DEBUG:Instructor 飛車: 0 day(s) with no classes (out of 5)
2025-01-23 15:52:36,671 DEBUG:Instructor 片山: 2 day(s) with no classes (out of 5)
2025-01-23 15:52:36,671 DEBUG:Instructor 三浦: 1 day(s) with no classes (out of 5)
2025-01-23 15:52:36,671 DEBUG:Instructor 橋爪: 1 day(s) with no classes (out of 5)
2025-01-23 15:52:36,671 DEBUG:Instructor 池田将: 2 day(s) with no classes (out of 5)
2025-01-23 15:52:36,671 DEBUG:Instructor 高山: 1 day(s) with no classes (out of 5)
2025-01-23 15:52:36,671 DEBUG:Instructor 重村: 2 day(s) with no classes (out of 5)
2025-01-23 15:52:36,671 DEBUG:Instructor 原田: 3 day(s) with no classes (out of 5)
2025-01-23 15:52:36,671 DEBUG:Instructor 浦上: 0 day(s) with no classes (out of 5)
2025-01-23 15:52:36,671 DEBUG:Instructor 新田: 2 day(s) with no classes (out of 5)
2025-01-23 15:52:36,671 DEBUG:Instructor 室谷: 2 day(s) with no classes (out of 5)
2025-01-23 15:52:36,671 DEBUG:Instructor 義永: 4 day(s) with no classes (out of 5)
2025-01-23 15:52:36,671 DEBUG:Instructor 杉村: 2 day(s) with no classes (out of 5)
2025-01-23 15:52:36,671 DEBUG:Instructor 柳澤: 3 day(s) with no classes (out of 5)
2025-01-23 15:52:36,671 DEBUG:Instructor 宮崎: 2 day(s) with no classes (out of 5)
2025-01-23 15:52:36,671 DEBUG:Instructor 力: 2 day(s) with no classes (out of 5)
2025-01-23 15:52:36,671 DEBUG:Instructor 増井: 2 day(s) with no classes (out of 5)
2025-01-23 15:52:36,671 DEBUG:Instructor 荻原: 1 day(s) with no classes (out of 5)
2025-01-23 15:52:36,671 DEBUG:Instructor 渡辺: 1 day(s) with no classes (out of 5)
2025-01-23 15:52:36,671 DEBUG:Instructor 中川: 0 day(s) with no classes (out of 5)
2025-01-23 15:52:36,671 DEBUG:Instructor 島袋: 2 day(s) with no classes (out of 5)
2025-01-23 15:52:36,672 DEBUG:Instructor 海田: 1 day(s) with no classes (out of 5)
2025-01-23 15:52:36,672 DEBUG:Instructor 古田: 5 day(s) with no classes (out of 5)
2025-01-23 15:52:36,672 DEBUG:Instructor 目山: 1 day(s) with no classes (out of 5)
2025-01-23 15:52:36,672 DEBUG:Instructor 桑嶋: 2 day(s) with no classes (out of 5)
2025-01-23 15:52:36,672 DEBUG:Instructor 河野: 0 day(s) with no classes (out of 5)
2025-01-23 15:52:36,672 DEBUG:Instructor 荒木: 2 day(s) with no classes (out of 5)
2025-01-23 15:52:36,672 DEBUG:Instructor 江本: 1 day(s) with no classes (out of 5)
2025-01-23 15:52:36,672 DEBUG:Instructor 温品: 2 day(s) with no classes (out of 5)
2025-01-23 15:52:36,672 DEBUG:Instructor 段下: 1 day(s) with no classes (out of 5)
2025-01-23 15:52:36,672 DEBUG:Instructor 宇根: 2 day(s) with no classes (out of 5)
2025-01-23 15:52:36,672 DEBUG:Instructor 山根: 1 day(s) with no classes (out of 5)
2025-01-23 15:52:36,672 DEBUG:Instructor 上: 4 day(s) with no classes (out of 5)
2025-01-23 15:52:36,672 DEBUG:Instructor ダーシー: 2 day(s) with no classes (out of 5)
2025-01-23 15:52:36,672 DEBUG:Instructor ペリー: 2 day(s) with no classes (out of 5)
2025-01-23 15:52:36,672 DEBUG:Instructor 瀬尾: 4 day(s) with no classes (out of 5)
2025-01-23 15:52:36,672 DEBUG:Instructor カート: 2 day(s) with no classes (out of 5)
2025-01-23 15:52:36,672 DEBUG:Instructor 佐賀: 4 day(s) with no classes (out of 5)
2025-01-23 15:52:36,672 DEBUG:Instructor 大石: 4 day(s) with no classes (out of 5)
2025-01-23 15:52:36,672 DEBUG:Instructor 原: 4 day(s) with no classes (out of 5)
2025-01-23 15:52:36,672 DEBUG:Instructor 岩本: 5 day(s) with no classes (out of 5)
2025-01-23 15:52:36,672 DEBUG:Instructor 狭間: 5 day(s) with no classes (out of 5)
2025-01-23 15:52:36,672 DEBUG:Instructor 永岩: 5 day(s) with no classes (out of 5)
2025-01-23 15:52:36,672 DEBUG:Instructor 山本伸: 4 day(s) with no classes (out of 5)
2025-01-23 15:52:36,672 DEBUG:Instructor 山田哲: 4 day(s) with no classes (out of 5)
2025-01-23 15:52:36,672 DEBUG:Instructor 佐古: 4 day(s) with no classes (out of 5)
2025-01-23 15:52:36,672 DEBUG:Instructor 古川: 4 day(s) with no classes (out of 5)
2025-01-23 15:52:36,672 DEBUG:Instructor 吉見: 5 day(s) with no classes (out of 5)
2025-01-23 15:52:36,672 DEBUG:Instructor 清田: 4 day(s) with no classes (out of 5)
2025-01-23 15:52:36,672 DEBUG:Instructor 応用研究担当: 5 day(s) with no classes (out of 5)
2025-01-23 15:52:36,672 DEBUG:Instructor ME全員: 4 day(s) with no classes (out of 5)
2025-01-23 15:52:36,672 DEBUG:Instructor IE全員: 4 day(s) with no classes (out of 5)
2025-01-23 15:52:36,672 DEBUG:Instructor CA全員: 3 day(s) with no classes (out of 5)
2025-01-23 15:52:36,672 DEBUG:Instructor 新枝: 3 day(s) with no classes (out of 5)
2025-01-23 15:52:36,672 DEBUG:Instructor 徳永: 4 day(s) with no classes (out of 5)
2025-01-23 15:52:36,673 DEBUG:Instructor 河田: 4 day(s) with no classes (out of 5)
2025-01-23 15:52:36,673 DEBUG:Instructor 羽渕: 4 day(s) with no classes (out of 5)
2025-01-23 15:52:36,673 DEBUG:Instructor 田中: 4 day(s) with no classes (out of 5)
2025-01-23 15:52:36,673 DEBUG:Instructor 石丸: 4 day(s) with no classes (out of 5)
2025-01-23 15:52:36,673 DEBUG:Instructor 洞崎: 4 day(s) with no classes (out of 5)
2025-01-23 15:52:36,673 DEBUG:Instructor 西川: 3 day(s) with no classes (out of 5)
2025-01-23 15:52:36,673 DEBUG:Instructor 光田: 4 day(s) with no classes (out of 5)
2025-01-23 15:52:36,673 DEBUG:===========================
2025-01-23 15:52:36,679 INFO:MaxSATによる最適化が完了しました。
2025-01-23 15:52:36,679 INFO:MaxSATソルバーによる最適化が完了しました。
2025-01-23 15:52:36,688 INFO:データを保存しました: ../../../Data/Schedule.json
2025-01-23 15:52:36,688 INFO:改善されたスケジュールをJSON形式で出力しました。
